# JRE version: OpenJDK Runtime Environment (20.0.1+9) (build 20.0.1+9-29)
# Java VM: OpenJDK 64-Bit Server VM (20.0.1+9-29, mixed mode, sharing, tiered, compressed oops, compressed class ptrs, g1 gc, windows-amd64)
GC Precious Log:
 CardTable entry size: 512
 Card Set container configuration: InlinePtr #cards 5 size 8 Array Of Cards #cards 12 size 40 Howl #buckets 4 coarsen threshold 1843 Howl Bitmap #cards 512 size 80 coarsen threshold 460 Card regions per heap region 1 cards per card region 2048
 CPUs: 16 total, 16 available
 Memory: 16091M
 Large Page Support: Disabled
 NUMA Support: Disabled
 Compressed Oops: Enabled (32-bit)
 Heap Region Size: 1M
 Heap Min Capacity: 8M
 Heap Initial Capacity: 252M
 Heap Max Capacity: 2G
 Pre-touch: Disabled
 Parallel Workers: 13
 Concurrent Workers: 3
 Concurrent Refinement Workers: 13
 Periodic GC: Disabled
Heap:
 garbage-first heap   total 285696K, used 223048K [0x0000000080000000, 0x0000000100000000)
  region size 1024K, 76 young (77824K), 12 survivors (12288K)
 Metaspace       used 150419K, committed 153088K, reserved 1245184K
  class space    used 19288K, committed 20608K, reserved 1048576K
GC Heap History (20 events):
Event: 27.141 GC heap before
{Heap before GC invocations=32 (full 0):
 garbage-first heap   total 201728K, used 158063K [0x0000000080000000, 0x0000000100000000)
  region size 1024K, 42 young (43008K), 8 survivors (8192K)
 Metaspace       used 111647K, committed 113856K, reserved 1179648K
  class space    used 14271K, committed 15360K, reserved 1048576K
}
Event: 27.146 GC heap after
{Heap after GC invocations=33 (full 0):
 garbage-first heap   total 201728K, used 128655K [0x0000000080000000, 0x0000000100000000)
  region size 1024K, 5 young (5120K), 5 survivors (5120K)
 Metaspace       used 111647K, committed 113856K, reserved 1179648K
  class space    used 14271K, committed 15360K, reserved 1048576K
}
Event: 27.609 GC heap before
{Heap before GC invocations=34 (full 0):
 garbage-first heap   total 220160K, used 184975K [0x0000000080000000, 0x0000000100000000)
  region size 1024K, 55 young (56320K), 5 survivors (5120K)
 Metaspace       used 115334K, committed 117632K, reserved 1179648K
  class space    used 14732K, committed 15872K, reserved 1048576K
}
Event: 27.612 GC heap after
{Heap after GC invocations=35 (full 0):
 garbage-first heap   total 220160K, used 139064K [0x0000000080000000, 0x0000000100000000)
  region size 1024K, 6 young (6144K), 6 survivors (6144K)
 Metaspace       used 115334K, committed 117632K, reserved 1179648K
  class space    used 14732K, committed 15872K, reserved 1048576K
}
Event: 28.097 GC heap before
{Heap before GC invocations=35 (full 0):
 garbage-first heap   total 220160K, used 196408K [0x0000000080000000, 0x0000000100000000)
  region size 1024K, 62 young (63488K), 6 survivors (6144K)
 Metaspace       used 121202K, committed 123584K, reserved 1179648K
  class space    used 15451K, committed 16640K, reserved 1048576K
}
Event: 28.101 GC heap after
{Heap after GC invocations=36 (full 0):
 garbage-first heap   total 220160K, used 134100K [0x0000000080000000, 0x0000000100000000)
  region size 1024K, 3 young (3072K), 3 survivors (3072K)
 Metaspace       used 121202K, committed 123584K, reserved 1179648K
  class space    used 15451K, committed 16640K, reserved 1048576K
}
Event: 28.192 GC heap before
{Heap before GC invocations=36 (full 0):
 garbage-first heap   total 220160K, used 137172K [0x0000000080000000, 0x0000000100000000)
  region size 1024K, 7 young (7168K), 3 survivors (3072K)
 Metaspace       used 122361K, committed 124736K, reserved 1179648K
  class space    used 15569K, committed 16768K, reserved 1048576K
}
Event: 28.194 GC heap after
{Heap after GC invocations=37 (full 0):
 garbage-first heap   total 220160K, used 134757K [0x0000000080000000, 0x0000000100000000)
  region size 1024K, 4 young (4096K), 4 survivors (4096K)
 Metaspace       used 122361K, committed 124736K, reserved 1179648K
  class space    used 15569K, committed 16768K, reserved 1048576K
}
Event: 28.691 GC heap before
{Heap before GC invocations=38 (full 0):
 garbage-first heap   total 247808K, used 200293K [0x0000000080000000, 0x0000000100000000)
  region size 1024K, 65 young (66560K), 4 survivors (4096K)
 Metaspace       used 125957K, committed 128320K, reserved 1179648K
  class space    used 16043K, committed 17216K, reserved 1048576K
}
Event: 28.695 GC heap after
{Heap after GC invocations=39 (full 0):
 garbage-first heap   total 247808K, used 138456K [0x0000000080000000, 0x0000000100000000)
  region size 1024K, 9 young (9216K), 9 survivors (9216K)
 Metaspace       used 125957K, committed 128320K, reserved 1179648K
  class space    used 16043K, committed 17216K, reserved 1048576K
}
Event: 32.508 GC heap before
{Heap before GC invocations=39 (full 0):
 garbage-first heap   total 247808K, used 218328K [0x0000000080000000, 0x0000000100000000)
  region size 1024K, 83 young (84992K), 9 survivors (9216K)
 Metaspace       used 131931K, committed 134400K, reserved 1179648K
  class space    used 16832K, committed 18112K, reserved 1048576K
}
Event: 32.519 GC heap after
{Heap after GC invocations=40 (full 0):
 garbage-first heap   total 247808K, used 139819K [0x0000000080000000, 0x0000000100000000)
  region size 1024K, 11 young (11264K), 11 survivors (11264K)
 Metaspace       used 131931K, committed 134400K, reserved 1179648K
  class space    used 16832K, committed 18112K, reserved 1048576K
}
Event: 37.853 GC heap before
{Heap before GC invocations=40 (full 0):
 garbage-first heap   total 247808K, used 179755K [0x0000000080000000, 0x0000000100000000)
  region size 1024K, 51 young (52224K), 11 survivors (11264K)
 Metaspace       used 132014K, committed 134528K, reserved 1179648K
  class space    used 16836K, committed 18112K, reserved 1048576K
}
Event: 37.859 GC heap after
{Heap after GC invocations=41 (full 0):
 garbage-first heap   total 247808K, used 145796K [0x0000000080000000, 0x0000000100000000)
  region size 1024K, 11 young (11264K), 11 survivors (11264K)
 Metaspace       used 132014K, committed 134528K, reserved 1179648K
  class space    used 16836K, committed 18112K, reserved 1048576K
}
Event: 38.012 GC heap before
{Heap before GC invocations=42 (full 0):
 garbage-first heap   total 285696K, used 220548K [0x0000000080000000, 0x0000000100000000)
  region size 1024K, 83 young (84992K), 11 survivors (11264K)
 Metaspace       used 132076K, committed 134592K, reserved 1179648K
  class space    used 16836K, committed 18112K, reserved 1048576K
}
Event: 38.018 GC heap after
{Heap after GC invocations=43 (full 0):
 garbage-first heap   total 285696K, used 152647K [0x0000000080000000, 0x0000000100000000)
  region size 1024K, 11 young (11264K), 11 survivors (11264K)
 Metaspace       used 132076K, committed 134592K, reserved 1179648K
  class space    used 16836K, committed 18112K, reserved 1048576K
}
Event: 39.437 GC heap before
{Heap before GC invocations=43 (full 0):
 garbage-first heap   total 285696K, used 246855K [0x0000000080000000, 0x0000000100000000)
  region size 1024K, 103 young (105472K), 11 survivors (11264K)
 Metaspace       used 138437K, committed 140928K, reserved 1179648K
  class space    used 17489K, committed 18752K, reserved 1048576K
}
Event: 39.449 GC heap after
{Heap after GC invocations=44 (full 0):
 garbage-first heap   total 285696K, used 157696K [0x0000000080000000, 0x0000000100000000)
  region size 1024K, 13 young (13312K), 13 survivors (13312K)
 Metaspace       used 138437K, committed 140928K, reserved 1179648K
  class space    used 17489K, committed 18752K, reserved 1048576K
}
Event: 40.385 GC heap before
{Heap before GC invocations=44 (full 0):
 garbage-first heap   total 285696K, used 251904K [0x0000000080000000, 0x0000000100000000)
  region size 1024K, 105 young (107520K), 13 survivors (13312K)
 Metaspace       used 145320K, committed 147968K, reserved 1179648K
  class space    used 18627K, committed 19968K, reserved 1048576K
}
Event: 40.391 GC heap after
{Heap after GC invocations=45 (full 0):
 garbage-first heap   total 285696K, used 154440K [0x0000000080000000, 0x0000000100000000)
  region size 1024K, 12 young (12288K), 12 survivors (12288K)
 Metaspace       used 145320K, committed 147968K, reserved 1179648K
  class space    used 18627K, committed 19968K, reserved 1048576K
}

